============================= test session starts ==============================
platform darwin -- Python 3.9.6, pytest-8.4.2, pluggy-1.6.0 -- /Applications/Xcode.app/Contents/Developer/usr/bin/python3
cachedir: .pytest_cache
rootdir: /Users/marklehn/Desktop/GitHub/anvil
plugins: anyio-4.12.1, cov-7.0.0
collecting ... collected 211 items

tests/test_best_practices.py::test_best_practices_seeded PASSED          [  0%]
tests/test_best_practices.py::test_best_practices_per_role PASSED        [  0%]
tests/test_best_practices.py::test_get_best_practices_by_role PASSED     [  1%]
tests/test_best_practices.py::test_create_best_practice PASSED           [  1%]
tests/test_best_practices.py::test_best_practices_severity_constraint PASSED [  2%]
tests/test_best_practices.py::test_best_practices_unique_constraint PASSED [  2%]
tests/test_best_practices.py::test_role_specific_weights_differ PASSED   [  3%]
tests/test_best_practices.py::test_default_weights_for_unclassified PASSED [  3%]
tests/test_best_practices.py::test_all_role_weights_sum_to_one PASSED    [  4%]
tests/test_best_practices.py::test_default_weights_sum_to_one PASSED     [  4%]
tests/test_best_practices.py::test_validation_gate_high_complexity_threshold PASSED [  5%]
tests/test_best_practices.py::test_utility_low_complexity_threshold PASSED [  5%]
tests/test_best_practices.py::test_confidence_engine_low_coupling_threshold PASSED [  6%]
tests/test_best_practices.py::test_research_best_practices PASSED        [  6%]
tests/test_best_practices.py::test_research_best_practices_unknown_role PASSED [  7%]
tests/test_best_practices.py::test_research_prompt_excludes_existing PASSED [  7%]
tests/test_classifier.py::test_route_handler_by_decorator PASSED         [  8%]
tests/test_classifier.py::test_route_handler_by_app_route PASSED         [  8%]
tests/test_classifier.py::test_validation_gate_by_name PASSED            [  9%]
tests/test_classifier.py::test_validation_gate_by_higher_number PASSED   [  9%]
tests/test_classifier.py::test_data_model_by_name PASSED                 [  9%]
tests/test_classifier.py::test_data_model_by_migrate_name PASSED         [ 10%]
tests/test_classifier.py::test_data_model_by_file_path PASSED            [ 10%]
tests/test_classifier.py::test_confidence_engine_by_file_path PASSED     [ 11%]
tests/test_classifier.py::test_content_generator_by_name PASSED          [ 11%]
tests/test_classifier.py::test_utility_fallback PASSED                   [ 12%]
tests/test_classifier.py::test_fallback_for_unknown_file PASSED          [ 12%]
tests/test_classifier.py::test_module_returns_none PASSED                [ 13%]
tests/test_classifier.py::test_test_case_returns_none PASSED             [ 13%]
tests/test_classifier.py::test_config_chunk_type PASSED                  [ 14%]
tests/test_classifier.py::test_ingestion_orchestrator_by_name PASSED     [ 14%]
tests/test_classifier.py::test_anomaly_detector_by_name PASSED           [ 15%]
tests/test_classifier.py::test_pattern_learner_by_name PASSED            [ 15%]
tests/test_classifier.py::test_decorator_priority_over_file_path PASSED  [ 16%]
tests/test_classifier.py::test_name_priority_over_file_path PASSED       [ 16%]
tests/test_classifier.py::test_classify_project PASSED                   [ 17%]
tests/test_classifier.py::test_classify_project_not_found PASSED         [ 17%]
tests/test_classifier.py::test_functional_roles_seeded PASSED            [ 18%]
tests/test_cycle.py::test_run_cycle_end_to_end PASSED                    [ 18%]
tests/test_cycle.py::test_run_cycle_scanner_failure PASSED               [ 18%]
tests/test_cycle.py::test_get_cycle_summary PASSED                       [ 19%]
tests/test_cycle.py::test_get_cycle_summary_not_found PASSED             [ 19%]
tests/test_cycle.py::test_compare_cycles PASSED                          [ 20%]
tests/test_cycle.py::test_compare_cycles_unknown_project PASSED          [ 20%]
tests/test_db.py::test_init_db_creates_all_tables PASSED                 [ 21%]
tests/test_db.py::test_wal_mode_enabled PASSED                           [ 21%]
tests/test_db.py::test_foreign_keys_enabled PASSED                       [ 22%]
tests/test_db.py::test_indexes_exist PASSED                              [ 22%]
tests/test_db.py::test_create_and_get_project PASSED                     [ 23%]
tests/test_db.py::test_get_project_not_found PASSED                      [ 23%]
tests/test_db.py::test_project_name_unique PASSED                        [ 24%]
tests/test_db.py::test_create_and_get_chunk PASSED                       [ 24%]
tests/test_db.py::test_get_chunks_by_file PASSED                         [ 25%]
tests/test_db.py::test_chunk_parent_self_ref PASSED                      [ 25%]
tests/test_db.py::test_chunk_fk_requires_valid_project PASSED            [ 26%]
tests/test_db.py::test_fingerprint_fk_requires_valid_chunk PASSED        [ 26%]
tests/test_db.py::test_binding_fk_requires_valid_chunk PASSED            [ 27%]
tests/test_db.py::test_dependency_fk_requires_valid_chunks PASSED        [ 27%]
tests/test_db.py::test_similarity_fk_requires_valid_chunks PASSED        [ 27%]
tests/test_db.py::test_git_change_fk_requires_valid_project PASSED       [ 28%]
tests/test_db.py::test_test_result_fk_requires_valid_project PASSED      [ 28%]
tests/test_db.py::test_health_score_fk_requires_valid_chunk PASSED       [ 29%]
tests/test_db.py::test_cycle_report_fk_requires_valid_project PASSED     [ 29%]
tests/test_db.py::test_chunk_type_check_constraint PASSED                [ 30%]
tests/test_db.py::test_binding_type_check_constraint PASSED              [ 30%]
tests/test_db.py::test_dependency_type_check_constraint PASSED           [ 31%]
tests/test_db.py::test_dependency_scope_check_constraint PASSED          [ 31%]
tests/test_db.py::test_create_fingerprint PASSED                         [ 32%]
tests/test_db.py::test_create_and_get_bindings PASSED                    [ 32%]
tests/test_db.py::test_binding_with_target PASSED                        [ 33%]
tests/test_db.py::test_create_and_get_dependencies PASSED                [ 33%]
tests/test_db.py::test_create_similarity PASSED                          [ 34%]
tests/test_db.py::test_create_git_change PASSED                          [ 34%]
tests/test_db.py::test_create_test_result PASSED                         [ 35%]
tests/test_db.py::test_create_health_score PASSED                        [ 35%]
tests/test_db.py::test_create_and_get_cycle_report PASSED                [ 36%]
tests/test_db.py::test_cycle_report_unique_per_project PASSED            [ 36%]
tests/test_db.py::test_get_cycle_report_not_found PASSED                 [ 36%]
tests/test_detector.py::test_bare_except_detected PASSED                 [ 37%]
tests/test_detector.py::test_specific_except_compliant PASSED            [ 37%]
tests/test_detector.py::test_raw_form_access_detected PASSED             [ 38%]
tests/test_detector.py::test_form_get_compliant PASSED                   [ 38%]
tests/test_detector.py::test_conn_in_utility_detected PASSED             [ 39%]
tests/test_detector.py::test_pure_utility_compliant PASSED               [ 39%]
tests/test_detector.py::test_domain_logic_in_utility_detected PASSED     [ 40%]
tests/test_detector.py::test_datetime_in_gate_detected PASSED            [ 40%]
tests/test_detector.py::test_boolean_return_in_gate_detected PASSED      [ 41%]
tests/test_detector.py::test_create_table_without_if_not_exists PASSED   [ 41%]
tests/test_detector.py::test_create_table_with_if_not_exists_compliant PASSED [ 42%]
tests/test_detector.py::test_long_function_detected PASSED               [ 42%]
tests/test_detector.py::test_short_function_compliant PASSED             [ 43%]
tests/test_detector.py::test_unknown_practice_compliant PASSED           [ 43%]
tests/test_detector.py::test_find_deviations PASSED                      [ 44%]
tests/test_detector.py::test_no_deviations_for_compliant_chunk PASSED    [ 44%]
tests/test_detector.py::test_unclassified_chunks_skipped PASSED          [ 45%]
tests/test_extractor.py::test_extract_project_creates_chunks PASSED      [ 45%]
tests/test_extractor.py::test_extract_project_chunk_types PASSED         [ 45%]
tests/test_extractor.py::test_extract_project_parent_linkage PASSED      [ 46%]
tests/test_extractor.py::test_extract_project_unknown_project PASSED     [ 46%]
tests/test_extractor.py::test_extract_project_summary_keys PASSED        [ 47%]
tests/test_extractor.py::test_store_symbols PASSED                       [ 47%]
tests/test_extractor.py::test_resolve_import_dependency PASSED           [ 48%]
tests/test_extractor.py::test_resolve_within_file_dependency PASSED      [ 48%]
tests/test_extractor.py::test_compute_fingerprints_creates_entries PASSED [ 49%]
tests/test_extractor.py::test_compute_fingerprints_similarity_detection PASSED [ 49%]
tests/test_extractor.py::test_store_structural_metadata PASSED           [ 50%]
tests/test_extractor.py::test_extract_project_idempotent PASSED          [ 50%]
tests/test_extractor.py::test_test_case_gets_function_level_tests_binding PASSED [ 51%]
tests/test_extractor.py::test_test_helper_does_not_get_tests_binding PASSED [ 51%]
tests/test_extractor.py::test_framework_calls_no_spurious_tests_binding PASSED [ 52%]
tests/test_extractor.py::test_module_level_tests_bindings_still_created PASSED [ 52%]
tests/test_lab.py::test_find_coverage_gaps PASSED                        [ 53%]
tests/test_lab.py::test_coverage_gaps_excludes_tested PASSED             [ 53%]
tests/test_lab.py::test_find_coupling_hotspots PASSED                    [ 54%]
tests/test_lab.py::test_find_clone_candidates PASSED                     [ 54%]
tests/test_lab.py::test_find_cochange_patterns FAILED                    [ 54%]
tests/test_lab.py::test_find_staleness_alerts FAILED                     [ 55%]
tests/test_lab.py::test_find_complexity_hotspots PASSED                  [ 55%]
tests/test_lab.py::test_planner_constraints_structure PASSED             [ 56%]
tests/test_lab.py::test_planner_constraints_has_coverage_type PASSED     [ 56%]
tests/test_lab.py::test_write_cycle_report PASSED                        [ 57%]
tests/test_lab.py::test_run_lab_end_to_end PASSED                        [ 57%]
tests/test_lab.py::test_run_lab_unknown_project PASSED                   [ 58%]
tests/test_lab.py::test_find_intent_gaps_missing_brief PASSED            [ 58%]
tests/test_lab.py::test_find_intent_gaps_returns_required_keys PASSED    [ 59%]
tests/test_provenance.py::test_extract_plan_slug PASSED                  [ 59%]
tests/test_provenance.py::test_extract_plan_description PASSED           [ 60%]
tests/test_provenance.py::test_extract_plan_description_missing PASSED   [ 60%]
tests/test_provenance.py::test_extract_bullet_format PASSED              [ 61%]
tests/test_provenance.py::test_extract_table_format PASSED               [ 61%]
tests/test_provenance.py::test_extract_no_section PASSED                 [ 62%]
tests/test_provenance.py::test_extract_emdash_format PASSED              [ 62%]
tests/test_provenance.py::test_extract_backtick_wrapped_paths PASSED     [ 63%]
tests/test_provenance.py::test_parse_dev_logs PASSED                     [ 63%]
tests/test_provenance.py::test_parse_dev_logs_descriptions PASSED        [ 63%]
tests/test_provenance.py::test_parse_dev_logs_nonexistent_dir PASSED     [ 64%]
tests/test_provenance.py::test_parse_dev_logs_file_counts PASSED         [ 64%]
tests/test_provenance.py::test_ingest_provenance PASSED                  [ 65%]
tests/test_provenance.py::test_ingest_provenance_idempotent PASSED       [ 65%]
tests/test_provenance.py::test_ingest_provenance_project_not_found PASSED [ 66%]
tests/test_python_parser.py::test_parse_file_extracts_chunks PASSED      [ 66%]
tests/test_python_parser.py::test_parse_file_chunk_types PASSED          [ 67%]
tests/test_python_parser.py::test_parse_file_line_numbers PASSED         [ 67%]
tests/test_python_parser.py::test_parse_file_content_extraction PASSED   [ 68%]
tests/test_python_parser.py::test_parse_file_content_hash PASSED         [ 68%]
tests/test_python_parser.py::test_parse_file_parent_name PASSED          [ 69%]
tests/test_python_parser.py::test_parse_file_sorted_by_line PASSED       [ 69%]
tests/test_python_parser.py::test_parse_file_test_functions PASSED       [ 70%]
tests/test_python_parser.py::test_parse_file_test_class_methods PASSED   [ 70%]
tests/test_python_parser.py::test_parse_file_empty PASSED                [ 71%]
tests/test_python_parser.py::test_parse_file_syntax_error PASSED         [ 71%]
tests/test_python_parser.py::test_parse_file_only_comments PASSED        [ 72%]
tests/test_python_parser.py::test_parse_file_nonexistent PASSED          [ 72%]
tests/test_python_parser.py::test_extract_symbols_imports PASSED         [ 72%]
tests/test_python_parser.py::test_extract_symbols_definitions PASSED     [ 73%]
tests/test_python_parser.py::test_extract_symbols_class_bases PASSED     [ 73%]
tests/test_python_parser.py::test_extract_symbols_calls PASSED           [ 74%]
tests/test_python_parser.py::test_extract_symbols_test_mappings PASSED   [ 74%]
tests/test_python_parser.py::test_metadata_cyclomatic_complexity PASSED  [ 75%]
tests/test_python_parser.py::test_metadata_nesting_depth PASSED          [ 75%]
tests/test_python_parser.py::test_metadata_parameter_count PASSED        [ 76%]
tests/test_python_parser.py::test_metadata_docstring_detection PASSED    [ 76%]
tests/test_python_parser.py::test_metadata_line_count PASSED             [ 77%]
tests/test_python_parser.py::test_metadata_class_has_zero_params PASSED  [ 77%]
tests/test_python_parser.py::test_detect_sqlalchemy_db_model PASSED      [ 78%]
tests/test_python_parser.py::test_detect_sqlalchemy_symbol_bindings PASSED [ 78%]
tests/test_python_parser.py::test_detect_sqlalchemy_no_models PASSED     [ 79%]
tests/test_python_parser.py::test_detect_sqlalchemy_base_class PASSED    [ 79%]
tests/test_scanner.py::test_discover_files_finds_source_files PASSED     [ 80%]
tests/test_scanner.py::test_discover_files_excludes_pycache PASSED       [ 80%]
tests/test_scanner.py::test_discover_files_excludes_hidden PASSED        [ 81%]
tests/test_scanner.py::test_discover_files_sorted PASSED                 [ 81%]
tests/test_scanner.py::test_discover_files_dict_keys PASSED              [ 81%]
tests/test_scanner.py::test_discover_files_empty_dir PASSED              [ 82%]
tests/test_scanner.py::test_compute_file_hash_correct PASSED             [ 82%]
tests/test_scanner.py::test_compute_file_hash_nonexistent PASSED         [ 83%]
tests/test_scanner.py::test_compute_file_hash_binary PASSED              [ 83%]
tests/test_scanner.py::test_detect_changes_all_new PASSED                [ 84%]
tests/test_scanner.py::test_detect_changes_unchanged PASSED              [ 84%]
tests/test_scanner.py::test_detect_changes_detects_change PASSED         [ 85%]
tests/test_scanner.py::test_ingest_git_history PASSED                    [ 85%]
tests/test_scanner.py::test_ingest_git_history_idempotent PASSED         [ 86%]
tests/test_scanner.py::test_ingest_git_history_no_git PASSED             [ 86%]
tests/test_scanner.py::test_register_new_files PASSED                    [ 87%]
tests/test_scanner.py::test_register_changed_files PASSED                [ 87%]
tests/test_scanner.py::test_scan_project_unknown_project PASSED          [ 88%]
tests/test_scanner.py::test_scan_project_summary_keys PASSED             [ 88%]
tests/test_scanner.py::test_scan_project_idempotent PASSED               [ 89%]
tests/test_scanner.py::test_scan_project_updates_last_scanned PASSED     [ 89%]
tests/test_scorer.py::test_volatility_with_recent_commits PASSED         [ 90%]
tests/test_scorer.py::test_volatility_no_commits PASSED                  [ 90%]
tests/test_scorer.py::test_volatility_old_commits_lower PASSED           [ 90%]
tests/test_scorer.py::test_coverage_no_tests PASSED                      [ 91%]
tests/test_scorer.py::test_coverage_with_tests PASSED                    [ 91%]
tests/test_scorer.py::test_coverage_test_case_itself PASSED              [ 92%]
tests/test_scorer.py::test_complexity_high PASSED                        [ 92%]
tests/test_scorer.py::test_complexity_low PASSED                         [ 93%]
tests/test_scorer.py::test_complexity_none PASSED                        [ 93%]
tests/test_scorer.py::test_complexity_center PASSED                      [ 94%]
tests/test_scorer.py::test_coupling_with_deps PASSED                     [ 94%]
tests/test_scorer.py::test_coupling_no_deps PASSED                       [ 95%]
tests/test_scorer.py::test_staleness_with_newer_dep PASSED               [ 95%]
tests/test_scorer.py::test_staleness_no_deps PASSED                      [ 96%]
tests/test_scorer.py::test_staleness_no_git PASSED                       [ 96%]
tests/test_scorer.py::test_composite_weighted PASSED                     [ 97%]
tests/test_scorer.py::test_composite_clamped PASSED                      [ 97%]
tests/test_scorer.py::test_score_project_end_to_end PASSED               [ 98%]
tests/test_scorer.py::test_score_project_unknown PASSED                  [ 98%]
tests/test_scorer.py::test_parse_pytest_output_full PASSED               [ 99%]
tests/test_scorer.py::test_parse_pytest_output_all_passed PASSED         [ 99%]
tests/test_scorer.py::test_parse_pytest_output_with_errors PASSED        [100%]

=================================== FAILURES ===================================
_________________________ test_find_cochange_patterns __________________________

conn = <sqlite3.Connection object at 0x11c6d63f0>, lab_project = (1, 2, 3, 4, 5)

    def test_find_cochange_patterns(conn, lab_project):
        pid, _, _, _, _ = lab_project
        patterns = find_cochange_patterns(conn, pid)
>       assert len(patterns) >= 1
E       assert 0 >= 1
E        +  where 0 = len([])

tests/test_lab.py:163: AssertionError
__________________________ test_find_staleness_alerts __________________________

conn = <sqlite3.Connection object at 0x11c6d68a0>, lab_project = (1, 2, 3, 4, 5)

    def test_find_staleness_alerts(conn, lab_project):
        pid, _, _, _, _ = lab_project
        alerts = find_staleness_alerts(conn, pid, 1)
        stale_names = [a["name"] for a in alerts]
>       assert "risky_func" in stale_names  # staleness=0.7 >= 0.6 threshold
E       AssertionError: assert 'risky_func' in []

tests/test_lab.py:181: AssertionError
=========================== short test summary info ============================
FAILED tests/test_lab.py::test_find_cochange_patterns - assert 0 >= 1
FAILED tests/test_lab.py::test_find_staleness_alerts - AssertionError: assert...
======================== 2 failed, 209 passed in 0.75s =========================
