============================= test session starts ==============================
platform darwin -- Python 3.9.6, pytest-8.4.2, pluggy-1.6.0 -- /Applications/Xcode.app/Contents/Developer/usr/bin/python3
cachedir: .pytest_cache
rootdir: /Users/marklehn/Developer/GitHub/anvil/.bellows-worktrees/anvil-bellows-daemon-archetype-impl-2026-06-09
plugins: anyio-4.12.1, xdist-3.8.0, timeout-2.4.0, cov-7.0.0
collecting ... collected 256 items

tests/test_best_practices.py::test_best_practices_seeded PASSED          [  0%]
tests/test_best_practices.py::test_best_practices_per_role PASSED        [  0%]
tests/test_best_practices.py::test_get_best_practices_by_role PASSED     [  1%]
tests/test_best_practices.py::test_create_best_practice PASSED           [  1%]
tests/test_best_practices.py::test_best_practices_severity_constraint PASSED [  1%]
tests/test_best_practices.py::test_best_practices_unique_constraint PASSED [  2%]
tests/test_best_practices.py::test_role_specific_weights_differ PASSED   [  2%]
tests/test_best_practices.py::test_default_weights_for_unclassified PASSED [  3%]
tests/test_best_practices.py::test_all_role_weights_sum_to_one PASSED    [  3%]
tests/test_best_practices.py::test_default_weights_sum_to_one PASSED     [  3%]
tests/test_best_practices.py::test_validation_gate_high_complexity_threshold PASSED [  4%]
tests/test_best_practices.py::test_utility_low_complexity_threshold PASSED [  4%]
tests/test_best_practices.py::test_confidence_engine_low_coupling_threshold PASSED [  5%]
tests/test_best_practices.py::test_research_best_practices PASSED        [  5%]
tests/test_best_practices.py::test_research_best_practices_unknown_role PASSED [  5%]
tests/test_best_practices.py::test_research_prompt_excludes_existing PASSED [  6%]
tests/test_classifier.py::test_route_handler_by_decorator PASSED         [  6%]
tests/test_classifier.py::test_route_handler_by_app_route PASSED         [  7%]
tests/test_classifier.py::test_validation_gate_by_name PASSED            [  7%]
tests/test_classifier.py::test_validation_gate_by_higher_number PASSED   [  7%]
tests/test_classifier.py::test_data_model_by_name PASSED                 [  8%]
tests/test_classifier.py::test_data_model_by_migrate_name PASSED         [  8%]
tests/test_classifier.py::test_data_model_by_file_path PASSED            [  8%]
tests/test_classifier.py::test_confidence_engine_by_file_path PASSED     [  9%]
tests/test_classifier.py::test_content_generator_by_name PASSED          [  9%]
tests/test_classifier.py::test_utility_fallback PASSED                   [ 10%]
tests/test_classifier.py::test_fallback_for_unknown_file PASSED          [ 10%]
tests/test_classifier.py::test_module_returns_none PASSED                [ 10%]
tests/test_classifier.py::test_test_case_returns_none PASSED             [ 11%]
tests/test_classifier.py::test_config_chunk_type PASSED                  [ 11%]
tests/test_classifier.py::test_ingestion_orchestrator_by_name PASSED     [ 12%]
tests/test_classifier.py::test_anomaly_detector_by_name PASSED           [ 12%]
tests/test_classifier.py::test_pattern_learner_by_name PASSED            [ 12%]
tests/test_classifier.py::test_decorator_priority_over_file_path PASSED  [ 13%]
tests/test_classifier.py::test_name_priority_over_file_path PASSED       [ 13%]
tests/test_classifier.py::test_classify_project PASSED                   [ 14%]
tests/test_classifier.py::test_classify_project_not_found PASSED         [ 14%]
tests/test_classifier.py::test_functional_roles_seeded PASSED            [ 14%]
tests/test_classifier_registry.py::test_flask_service_registered PASSED  [ 15%]
tests/test_classifier_registry.py::test_unknown_archetype_raises PASSED  [ 15%]
tests/test_classifier_registry.py::test_classify_chunk_uses_archetype_rules PASSED [ 16%]
tests/test_classifier_registry.py::test_classify_chunk_falls_back_to_utility PASSED [ 16%]
tests/test_classifier_registry.py::test_init_db_seeds_no_roles PASSED    [ 16%]
tests/test_classifier_registry.py::test_init_db_seeds_no_best_practices PASSED [ 17%]
tests/test_classifier_registry.py::test_seed_archetype_data_populates PASSED [ 17%]
tests/test_classifier_registry.py::test_seed_archetype_data_idempotent PASSED [ 17%]
tests/test_cycle.py::test_run_cycle_end_to_end PASSED                    [ 18%]
tests/test_cycle.py::test_run_cycle_scanner_failure PASSED               [ 18%]
tests/test_cycle.py::test_get_cycle_summary PASSED                       [ 19%]
tests/test_cycle.py::test_get_cycle_summary_not_found PASSED             [ 19%]
tests/test_cycle.py::test_compare_cycles PASSED                          [ 19%]
tests/test_cycle.py::test_compare_cycles_unknown_project PASSED          [ 20%]
tests/test_daemon_archetype.py::TestDaemonArchetypeRegistration::test_get_archetype_daemon_returns_definition PASSED [ 20%]
tests/test_daemon_archetype.py::TestDaemonArchetypeRegistration::test_registry_holds_both_archetypes PASSED [ 21%]
tests/test_daemon_archetype.py::TestDaemonArchetypeRegistration::test_daemon_roles_are_valid_tuples PASSED [ 21%]
tests/test_daemon_archetype.py::TestDaemonArchetypeRegistration::test_all_role_names PASSED [ 21%]
tests/test_daemon_archetype.py::TestDaemonClassification::test_gate_function_name_classifies_to_gate_checker PASSED [ 22%]
tests/test_daemon_archetype.py::TestDaemonClassification::test_bellows_py_file_path_classifies_to_plan_dispatcher PASSED [ 22%]
tests/test_daemon_archetype.py::TestDaemonClassification::test_notify_function_classifies_to_notifier PASSED [ 23%]
tests/test_daemon_archetype.py::TestDaemonClassification::test_scripts_file_path_classifies_to_cli_script PASSED [ 23%]
tests/test_db.py::test_init_db_creates_all_tables PASSED                 [ 23%]
tests/test_db.py::test_wal_mode_enabled PASSED                           [ 24%]
tests/test_db.py::test_foreign_keys_enabled PASSED                       [ 24%]
tests/test_db.py::test_indexes_exist PASSED                              [ 25%]
tests/test_db.py::test_create_and_get_project PASSED                     [ 25%]
tests/test_db.py::test_get_project_not_found PASSED                      [ 25%]
tests/test_db.py::test_project_name_unique PASSED                        [ 26%]
tests/test_db.py::test_create_and_get_chunk PASSED                       [ 26%]
tests/test_db.py::test_get_chunks_by_file PASSED                         [ 26%]
tests/test_db.py::test_chunk_parent_self_ref PASSED                      [ 27%]
tests/test_db.py::test_chunk_fk_requires_valid_project PASSED            [ 27%]
tests/test_db.py::test_fingerprint_fk_requires_valid_chunk PASSED        [ 28%]
tests/test_db.py::test_binding_fk_requires_valid_chunk PASSED            [ 28%]
tests/test_db.py::test_dependency_fk_requires_valid_chunks PASSED        [ 28%]
tests/test_db.py::test_similarity_fk_requires_valid_chunks PASSED        [ 29%]
tests/test_db.py::test_git_change_fk_requires_valid_project PASSED       [ 29%]
tests/test_db.py::test_test_result_fk_requires_valid_project PASSED      [ 30%]
tests/test_db.py::test_health_score_fk_requires_valid_chunk PASSED       [ 30%]
tests/test_db.py::test_cycle_report_fk_requires_valid_project PASSED     [ 30%]
tests/test_db.py::test_chunk_type_accepts_arbitrary_strings PASSED       [ 31%]
tests/test_db.py::test_binding_type_check_constraint PASSED              [ 31%]
tests/test_db.py::test_dependency_type_check_constraint PASSED           [ 32%]
tests/test_db.py::test_dependency_scope_check_constraint PASSED          [ 32%]
tests/test_db.py::test_create_fingerprint PASSED                         [ 32%]
tests/test_db.py::test_create_and_get_bindings PASSED                    [ 33%]
tests/test_db.py::test_binding_with_target PASSED                        [ 33%]
tests/test_db.py::test_create_and_get_dependencies PASSED                [ 33%]
tests/test_db.py::test_create_similarity PASSED                          [ 34%]
tests/test_db.py::test_create_git_change PASSED                          [ 34%]
tests/test_db.py::test_create_test_result PASSED                         [ 35%]
tests/test_db.py::test_create_health_score PASSED                        [ 35%]
tests/test_db.py::test_create_and_get_cycle_report PASSED                [ 35%]
tests/test_db.py::test_cycle_report_unique_per_project PASSED            [ 36%]
tests/test_db.py::test_get_cycle_report_not_found PASSED                 [ 36%]
tests/test_db.py::test_last_seen_cycle_column_exists PASSED              [ 37%]
tests/test_db.py::test_last_seen_cycle_migration_idempotent PASSED       [ 37%]
tests/test_db.py::test_create_chunk_with_last_seen_cycle PASSED          [ 37%]
tests/test_db.py::test_create_chunk_without_last_seen_cycle_defaults_null PASSED [ 38%]
tests/test_db.py::test_cascade_delete_removes_all_dependent_rows PASSED  [ 38%]
tests/test_detector.py::test_bare_except_detected PASSED                 [ 39%]
tests/test_detector.py::test_specific_except_compliant PASSED            [ 39%]
tests/test_detector.py::test_raw_form_access_detected PASSED             [ 39%]
tests/test_detector.py::test_form_get_compliant PASSED                   [ 40%]
tests/test_detector.py::test_conn_in_utility_detected PASSED             [ 40%]
tests/test_detector.py::test_pure_utility_compliant PASSED               [ 41%]
tests/test_detector.py::test_domain_logic_in_utility_detected PASSED     [ 41%]
tests/test_detector.py::test_datetime_in_gate_detected PASSED            [ 41%]
tests/test_detector.py::test_boolean_return_in_gate_detected PASSED      [ 42%]
tests/test_detector.py::test_create_table_without_if_not_exists PASSED   [ 42%]
tests/test_detector.py::test_create_table_with_if_not_exists_compliant PASSED [ 42%]
tests/test_detector.py::test_long_function_detected PASSED               [ 43%]
tests/test_detector.py::test_short_function_compliant PASSED             [ 43%]
tests/test_detector.py::test_unknown_practice_compliant PASSED           [ 44%]
tests/test_detector.py::test_find_deviations PASSED                      [ 44%]
tests/test_detector.py::test_no_deviations_for_compliant_chunk PASSED    [ 44%]
tests/test_detector.py::test_unclassified_chunks_skipped PASSED          [ 45%]
tests/test_extractor.py::test_extract_project_creates_chunks PASSED      [ 45%]
tests/test_extractor.py::test_extract_project_chunk_types PASSED         [ 46%]
tests/test_extractor.py::test_extract_project_parent_linkage PASSED      [ 46%]
tests/test_extractor.py::test_extract_project_unknown_project PASSED     [ 46%]
tests/test_extractor.py::test_extract_project_summary_keys PASSED        [ 47%]
tests/test_extractor.py::test_store_symbols PASSED                       [ 47%]
tests/test_extractor.py::test_resolve_import_dependency PASSED           [ 48%]
tests/test_extractor.py::test_resolve_within_file_dependency PASSED      [ 48%]
tests/test_extractor.py::test_compute_fingerprints_creates_entries PASSED [ 48%]
tests/test_extractor.py::test_compute_fingerprints_similarity_detection PASSED [ 49%]
tests/test_extractor.py::test_store_structural_metadata PASSED           [ 49%]
tests/test_extractor.py::test_extract_project_idempotent PASSED          [ 50%]
tests/test_extractor.py::test_test_case_gets_function_level_tests_binding PASSED [ 50%]
tests/test_extractor.py::test_test_helper_does_not_get_tests_binding PASSED [ 50%]
tests/test_extractor.py::test_framework_calls_no_spurious_tests_binding PASSED [ 51%]
tests/test_extractor.py::test_module_level_tests_bindings_still_created PASSED [ 51%]
tests/test_extractor.py::test_extract_stamps_last_seen_cycle_on_new_chunks PASSED [ 51%]
tests/test_extractor.py::test_extract_stamps_last_seen_cycle_on_module_chunks PASSED [ 52%]
tests/test_extractor.py::test_extract_stamps_unchanged_chunks PASSED     [ 52%]
tests/test_extractor.py::test_extract_does_not_stamp_missing_file_chunks PASSED [ 53%]
tests/test_lab.py::test_find_coverage_gaps PASSED                        [ 53%]
tests/test_lab.py::test_coverage_gaps_excludes_tested PASSED             [ 53%]
tests/test_lab.py::test_find_coupling_hotspots PASSED                    [ 54%]
tests/test_lab.py::test_find_clone_candidates PASSED                     [ 54%]
tests/test_lab.py::test_find_cochange_patterns PASSED                    [ 55%]
tests/test_lab.py::test_find_staleness_alerts PASSED                     [ 55%]
tests/test_lab.py::test_find_complexity_hotspots PASSED                  [ 55%]
tests/test_lab.py::test_planner_constraints_structure PASSED             [ 56%]
tests/test_lab.py::test_planner_constraints_has_coverage_type PASSED     [ 56%]
tests/test_lab.py::test_write_cycle_report PASSED                        [ 57%]
tests/test_lab.py::test_write_vs_record_path_split PASSED                [ 57%]
tests/test_lab.py::test_run_lab_end_to_end PASSED                        [ 57%]
tests/test_lab.py::test_run_lab_unknown_project PASSED                   [ 58%]
tests/test_lab.py::test_find_intent_gaps_missing_brief PASSED            [ 58%]
tests/test_lab.py::test_find_intent_gaps_returns_required_keys PASSED    [ 58%]
tests/test_lab.py::test_find_intent_gaps_excludes_stale_chunks PASSED    [ 59%]
tests/test_lab.py::test_extract_project_mission_found PASSED             [ 59%]
tests/test_lab.py::test_extract_project_mission_not_found PASSED         [ 60%]
tests/test_lab.py::test_find_intent_gaps_excludes_test_files PASSED      [ 60%]
tests/test_lab.py::test_is_noise_chunk_test_file PASSED                  [ 60%]
tests/test_lab.py::test_is_noise_chunk_session_lifecycle PASSED          [ 61%]
tests/test_lab.py::test_is_noise_chunk_connection_factory PASSED         [ 61%]
tests/test_lab.py::test_cycle_report_includes_untested_complexity PASSED [ 62%]
tests/test_lab.py::test_clone_candidates_excludes_stale_chunks PASSED    [ 62%]
tests/test_lab.py::test_clone_candidates_includes_fresh_pair PASSED      [ 62%]
tests/test_lab.py::test_best_practice_deviations_excludes_stale PASSED   [ 63%]
tests/test_lab.py::test_finding_functions_project_scoped PASSED          [ 63%]
tests/test_lab.py::test_specialist_update_data_excludes_stale PASSED     [ 64%]
tests/test_provenance.py::test_extract_plan_slug PASSED                  [ 64%]
tests/test_provenance.py::test_extract_plan_description PASSED           [ 64%]
tests/test_provenance.py::test_extract_plan_description_missing PASSED   [ 65%]
tests/test_provenance.py::test_extract_bullet_format PASSED              [ 65%]
tests/test_provenance.py::test_extract_table_format PASSED               [ 66%]
tests/test_provenance.py::test_extract_no_section PASSED                 [ 66%]
tests/test_provenance.py::test_extract_emdash_format PASSED              [ 66%]
tests/test_provenance.py::test_extract_backtick_wrapped_paths PASSED     [ 67%]
tests/test_provenance.py::test_parse_dev_logs PASSED                     [ 67%]
tests/test_provenance.py::test_parse_dev_logs_descriptions PASSED        [ 67%]
tests/test_provenance.py::test_parse_dev_logs_nonexistent_dir PASSED     [ 68%]
tests/test_provenance.py::test_parse_dev_logs_file_counts PASSED         [ 68%]
tests/test_provenance.py::test_ingest_provenance PASSED                  [ 69%]
tests/test_provenance.py::test_ingest_provenance_idempotent PASSED       [ 69%]
tests/test_provenance.py::test_ingest_provenance_project_not_found PASSED [ 69%]
tests/test_python_parser.py::test_parse_file_extracts_chunks PASSED      [ 70%]
tests/test_python_parser.py::test_parse_file_chunk_types PASSED          [ 70%]
tests/test_python_parser.py::test_parse_file_line_numbers PASSED         [ 71%]
tests/test_python_parser.py::test_parse_file_content_extraction PASSED   [ 71%]
tests/test_python_parser.py::test_parse_file_content_hash PASSED         [ 71%]
tests/test_python_parser.py::test_parse_file_parent_name PASSED          [ 72%]
tests/test_python_parser.py::test_parse_file_sorted_by_line PASSED       [ 72%]
tests/test_python_parser.py::test_parse_file_test_functions PASSED       [ 73%]
tests/test_python_parser.py::test_parse_file_test_class_methods PASSED   [ 73%]
tests/test_python_parser.py::test_parse_file_empty PASSED                [ 73%]
tests/test_python_parser.py::test_parse_file_syntax_error PASSED         [ 74%]
tests/test_python_parser.py::test_parse_file_only_comments PASSED        [ 74%]
tests/test_python_parser.py::test_parse_file_nonexistent PASSED          [ 75%]
tests/test_python_parser.py::test_extract_symbols_imports PASSED         [ 75%]
tests/test_python_parser.py::test_extract_symbols_definitions PASSED     [ 75%]
tests/test_python_parser.py::test_extract_symbols_class_bases PASSED     [ 76%]
tests/test_python_parser.py::test_extract_symbols_calls PASSED           [ 76%]
tests/test_python_parser.py::test_extract_symbols_test_mappings PASSED   [ 76%]
tests/test_python_parser.py::test_metadata_cyclomatic_complexity PASSED  [ 77%]
tests/test_python_parser.py::test_metadata_nesting_depth PASSED          [ 77%]
tests/test_python_parser.py::test_metadata_parameter_count PASSED        [ 78%]
tests/test_python_parser.py::test_metadata_docstring_detection PASSED    [ 78%]
tests/test_python_parser.py::test_metadata_line_count PASSED             [ 78%]
tests/test_python_parser.py::test_metadata_class_has_zero_params PASSED  [ 79%]
tests/test_python_parser.py::test_detect_sqlalchemy_db_model PASSED      [ 79%]
tests/test_python_parser.py::test_detect_sqlalchemy_symbol_bindings PASSED [ 80%]
tests/test_python_parser.py::test_detect_sqlalchemy_no_models PASSED     [ 80%]
tests/test_python_parser.py::test_detect_sqlalchemy_base_class PASSED    [ 80%]
tests/test_scanner.py::test_discover_files_finds_source_files PASSED     [ 81%]
tests/test_scanner.py::test_discover_files_excludes_pycache PASSED       [ 81%]
tests/test_scanner.py::test_discover_files_excludes_hidden PASSED        [ 82%]
tests/test_scanner.py::test_discover_files_sorted PASSED                 [ 82%]
tests/test_scanner.py::test_discover_files_dict_keys PASSED              [ 82%]
tests/test_scanner.py::test_discover_files_empty_dir PASSED              [ 83%]
tests/test_scanner.py::test_compute_file_hash_correct PASSED             [ 83%]
tests/test_scanner.py::test_compute_file_hash_nonexistent PASSED         [ 83%]
tests/test_scanner.py::test_compute_file_hash_binary PASSED              [ 84%]
tests/test_scanner.py::test_detect_changes_all_new PASSED                [ 84%]
tests/test_scanner.py::test_detect_changes_unchanged PASSED              [ 85%]
tests/test_scanner.py::test_detect_changes_detects_change PASSED         [ 85%]
tests/test_scanner.py::test_ingest_git_history PASSED                    [ 85%]
tests/test_scanner.py::test_ingest_git_history_idempotent PASSED         [ 86%]
tests/test_scanner.py::test_ingest_git_history_no_git PASSED             [ 86%]
tests/test_scanner.py::test_register_new_files PASSED                    [ 87%]
tests/test_scanner.py::test_register_changed_files PASSED                [ 87%]
tests/test_scanner.py::test_scan_project_unknown_project PASSED          [ 87%]
tests/test_scanner.py::test_scan_project_summary_keys PASSED             [ 88%]
tests/test_scanner.py::test_scan_project_idempotent PASSED               [ 88%]
tests/test_scanner.py::test_scan_project_updates_last_scanned PASSED     [ 89%]
tests/test_scanner.py::test_prune_removes_orphan_chunks PASSED           [ 89%]
tests/test_scanner.py::test_prune_creates_backup PASSED                  [ 89%]
tests/test_scanner.py::test_prune_idempotent PASSED                      [ 90%]
tests/test_scanner.py::test_prune_no_orphans_no_backup PASSED            [ 90%]
tests/test_scorer.py::test_volatility_with_recent_commits PASSED         [ 91%]
tests/test_scorer.py::test_volatility_no_commits PASSED                  [ 91%]
tests/test_scorer.py::test_volatility_old_commits_lower PASSED           [ 91%]
tests/test_scorer.py::test_coverage_no_tests PASSED                      [ 92%]
tests/test_scorer.py::test_coverage_with_tests PASSED                    [ 92%]
tests/test_scorer.py::test_coverage_test_case_itself PASSED              [ 92%]
tests/test_scorer.py::test_complexity_high PASSED                        [ 93%]
tests/test_scorer.py::test_complexity_low PASSED                         [ 93%]
tests/test_scorer.py::test_complexity_none PASSED                        [ 94%]
tests/test_scorer.py::test_complexity_center PASSED                      [ 94%]
tests/test_scorer.py::test_coupling_with_deps PASSED                     [ 94%]
tests/test_scorer.py::test_coupling_no_deps PASSED                       [ 95%]
tests/test_scorer.py::test_staleness_with_newer_dep PASSED               [ 95%]
tests/test_scorer.py::test_staleness_no_deps PASSED                      [ 96%]
tests/test_scorer.py::test_staleness_no_git PASSED                       [ 96%]
tests/test_scorer.py::test_composite_weighted PASSED                     [ 96%]
tests/test_scorer.py::test_composite_clamped PASSED                      [ 97%]
tests/test_scorer.py::test_composite_volatility_floor_for_zero_coverage PASSED [ 97%]
tests/test_scorer.py::test_score_project_end_to_end PASSED               [ 98%]
tests/test_scorer.py::test_score_project_unknown PASSED                  [ 98%]
tests/test_scorer.py::test_parse_pytest_output_full PASSED               [ 98%]
tests/test_scorer.py::test_parse_pytest_output_all_passed PASSED         [ 99%]
tests/test_scorer.py::test_parse_pytest_output_with_errors PASSED        [ 99%]
tests/test_scorer.py::test_scorer_excludes_unstamped_chunks PASSED       [100%]

============================= 256 passed in 2.40s ==============================
